[debug] [2020-05-29T18:01:27.014Z] ----------------------------------------------------------------------
[debug] [2020-05-29T18:01:27.017Z] Command:       C:\Program Files\nodejs\node.exe C:\Program Files\nodejs\node_modules\firebase-tools\lib\bin\firebase.js functions:shell
[debug] [2020-05-29T18:01:27.017Z] CLI Version:   8.4.0
[debug] [2020-05-29T18:01:27.017Z] Platform:      win32
[debug] [2020-05-29T18:01:27.017Z] Node Version:  v11.0.0
[debug] [2020-05-29T18:01:27.019Z] Time:          Fri May 29 2020 23:31:27 GMT+0530 (India Standard Time)
[debug] [2020-05-29T18:01:27.019Z] ----------------------------------------------------------------------
[debug] [2020-05-29T18:01:27.019Z] 
[debug] [2020-05-29T18:01:27.032Z] > command requires scopes: ["email","openid","https://www.googleapis.com/auth/cloudplatformprojects.readonly","https://www.googleapis.com/auth/firebase","https://www.googleapis.com/auth/cloud-platform"]
[debug] [2020-05-29T18:01:27.032Z] > authorizing via signed-in user
[debug] [2020-05-29T18:01:27.033Z] [iam] checking project do-it-now-665f3 for permissions ["firebase.projects.get"]
[debug] [2020-05-29T18:01:27.037Z] >>> HTTP REQUEST POST https://cloudresourcemanager.googleapis.com/v1/projects/do-it-now-665f3:testIamPermissions  
 {"permissions":["firebase.projects.get"]}
[debug] [2020-05-29T18:01:28.773Z] <<< HTTP RESPONSE 200 {"content-type":"application/json; charset=UTF-8","vary":"X-Origin, Referer, Origin,Accept-Encoding","date":"Fri, 29 May 2020 18:01:29 GMT","server":"ESF","cache-control":"private","x-xss-protection":"0","x-frame-options":"SAMEORIGIN","x-content-type-options":"nosniff","server-timing":"gfet4t7; dur=1412","alt-svc":"h3-27=\":443\"; ma=2592000,h3-25=\":443\"; ma=2592000,h3-T050=\":443\"; ma=2592000,h3-Q050=\":443\"; ma=2592000,h3-Q049=\":443\"; ma=2592000,h3-Q048=\":443\"; ma=2592000,h3-Q046=\":443\"; ma=2592000,h3-Q043=\":443\"; ma=2592000,quic=\":443\"; ma=2592000; v=\"46,43\"","accept-ranges":"none","transfer-encoding":"chunked"}
[warn] !  Your requested "node" version "8" doesn't match your global version "11" {"metadata":{"emulator":{"name":"functions"},"message":"Your requested \"node\" version \"8\" doesn't match your global version \"11\""}}
[debug] [2020-05-29T18:01:30.989Z] [functions] Watching "C:\Users\Priya\Desktop\DoItNow\myapp\functions" for Cloud Functions...
[debug] [2020-05-29T18:01:31.032Z] DEBUG: [worker-pool] addWorker(~diagnostic~)
[debug] [2020-05-29T18:01:31.032Z] DEBUG: [worker-pool] Adding worker with key ~diagnostic~, total=1
[debug] [2020-05-29T18:01:31.032Z] DEBUG: [worker-pool] submitWork(triggerId=)
[debug] [2020-05-29T18:01:31.033Z] DEBUG: [worker-~diagnostic~-eb38c7aa-7f4e-458a-aabe-edbbc11c8ee6]: Assigning socketPath: \\?\pipe\C:\Users\Priya\Desktop\DoItNow\myapp\functions\21096
[debug] [2020-05-29T18:01:31.034Z] DEBUG: [worker-~diagnostic~-eb38c7aa-7f4e-458a-aabe-edbbc11c8ee6]: BUSY
[debug] [2020-05-29T18:01:32.561Z] DEBUG: [runtime-status] [21096] Functions runtime initialized. {"cwd":"C:\\Users\\Priya\\Desktop\\DoItNow\\myapp\\functions","node_version":"11.0.0"}
[debug] [2020-05-29T18:01:32.562Z] DEBUG: [runtime-status] [21096] Disabled runtime features: undefined
[debug] [2020-05-29T18:01:32.567Z] DEBUG: [runtime-status] [21096] Resolved module firebase-admin {"declared":true,"installed":true,"version":"8.12.1","resolution":"C:\\Users\\Priya\\Desktop\\DoItNow\\myapp\\functions\\node_modules\\firebase-admin\\lib\\index.js"}
[debug] [2020-05-29T18:01:32.570Z] DEBUG: [runtime-status] [21096] Resolved module firebase-functions {"declared":true,"installed":true,"version":"3.6.1","resolution":"C:\\Users\\Priya\\Desktop\\DoItNow\\myapp\\functions\\node_modules\\firebase-functions\\lib\\index.js"}
[debug] [2020-05-29T18:01:32.575Z] DEBUG: [runtime-status] [21096] Outgoing network have been stubbed. [{"name":"http","status":"mocked"},{"name":"http","status":"mocked"},{"name":"https","status":"mocked"},{"name":"https","status":"mocked"},{"name":"net","status":"mocked"}]
[debug] [2020-05-29T18:01:32.647Z] DEBUG: [runtime-status] [21096] Checked functions.config() {"config":{}}
[debug] [2020-05-29T18:01:32.648Z] DEBUG: [runtime-status] [21096] Resolved module firebase-functions {"declared":true,"installed":true,"version":"3.6.1","resolution":"C:\\Users\\Priya\\Desktop\\DoItNow\\myapp\\functions\\node_modules\\firebase-functions\\lib\\index.js"}
[debug] [2020-05-29T18:01:32.650Z] DEBUG: [runtime-status] [21096] Resolved module firebase-admin {"declared":true,"installed":true,"version":"8.12.1","resolution":"C:\\Users\\Priya\\Desktop\\DoItNow\\myapp\\functions\\node_modules\\firebase-admin\\lib\\index.js"}
[debug] [2020-05-29T18:01:32.650Z] DEBUG: [runtime-status] [21096] Resolved module firebase-functions {"declared":true,"installed":true,"version":"3.6.1","resolution":"C:\\Users\\Priya\\Desktop\\DoItNow\\myapp\\functions\\node_modules\\firebase-functions\\lib\\index.js"}
[debug] [2020-05-29T18:01:32.651Z] DEBUG: [runtime-status] [21096] firebase-admin has been stubbed. {"adminResolution":{"declared":true,"installed":true,"version":"8.12.1","resolution":"C:\\Users\\Priya\\Desktop\\DoItNow\\myapp\\functions\\node_modules\\firebase-admin\\lib\\index.js"}}
[warn] !  TypeError: Cannot read property 'jquery' of undefined
    at Object.jQueryDetection (C:\Users\Priya\Desktop\DoItNow\myapp\node_modules\bootstrap\js\src\util.js:179:26)
    at C:\Users\Priya\Desktop\DoItNow\myapp\node_modules\bootstrap\js\src\util.js:192:6
    at C:\Users\Priya\Desktop\DoItNow\myapp\node_modules\bootstrap\dist\js\bootstrap.js:7:66
    at Object.<anonymous> (C:\Users\Priya\Desktop\DoItNow\myapp\node_modules\bootstrap\dist\js\bootstrap.js:10:2)
    at Module._compile (internal/modules/cjs/loader.js:707:30)
    at Module._compile (C:\Users\Priya\Desktop\DoItNow\myapp\functions\node_modules\pirates\lib\index.js:99:24)
    at Module._extensions..js (internal/modules/cjs/loader.js:718:10)
    at Object.newLoader [as .js] (C:\Users\Priya\Desktop\DoItNow\myapp\functions\node_modules\pirates\lib\index.js:104:7)
    at Module.load (internal/modules/cjs/loader.js:605:32)
    at tryModuleLoad (internal/modules/cjs/loader.js:544:12) {"metadata":{"emulator":{"name":"functions"},"message":"TypeError: Cannot read property 'jquery' of undefined\n    at Object.jQueryDetection (C:\\Users\\Priya\\Desktop\\DoItNow\\myapp\\node_modules\\bootstrap\\js\\src\\util.js:179:26)\n    at C:\\Users\\Priya\\Desktop\\DoItNow\\myapp\\node_modules\\bootstrap\\js\\src\\util.js:192:6\n    at C:\\Users\\Priya\\Desktop\\DoItNow\\myapp\\node_modules\\bootstrap\\dist\\js\\bootstrap.js:7:66\n    at Object.<anonymous> (C:\\Users\\Priya\\Desktop\\DoItNow\\myapp\\node_modules\\bootstrap\\dist\\js\\bootstrap.js:10:2)\n    at Module._compile (internal/modules/cjs/loader.js:707:30)\n    at Module._compile (C:\\Users\\Priya\\Desktop\\DoItNow\\myapp\\functions\\node_modules\\pirates\\lib\\index.js:99:24)\n    at Module._extensions..js (internal/modules/cjs/loader.js:718:10)\n    at Object.newLoader [as .js] (C:\\Users\\Priya\\Desktop\\DoItNow\\myapp\\functions\\node_modules\\pirates\\lib\\index.js:104:7)\n    at Module.load (internal/modules/cjs/loader.js:605:32)\n    at tryModuleLoad (internal/modules/cjs/loader.js:544:12)"}}
[warn] !  We were unable to load your functions code. (see above) {"metadata":{"emulator":{"name":"functions"}}}
[debug] [2020-05-29T18:01:36.324Z] DEBUG: [worker-~diagnostic~-eb38c7aa-7f4e-458a-aabe-edbbc11c8ee6]: exited
[debug] [2020-05-29T18:01:36.324Z] DEBUG: [worker-~diagnostic~-eb38c7aa-7f4e-458a-aabe-edbbc11c8ee6]: FINISHED
